<?xml version="1.0" encoding="UTF-8"?>
<!-- Generated by org.testng.reporters.JUnitReportReporter -->
<testsuite skipped="0" hostname="admin-PC" name="com.Guru99ecommerce.testcases.TC_Homepage_0001" tests="4" failures="0" timestamp="14 May 2019 14:49:09 GMT" time="25.363" errors="0">
  <testcase name="title_verification" time="0.047" classname="com.Guru99ecommerce.testcases.TC_Homepage_0001"/>
  <testcase name="Sort" time="4.973" classname="com.Guru99ecommerce.testcases.TC_Homepage_0001"/>
  <testcase name="title_verification1" time="0.015" classname="com.Guru99ecommerce.testcases.TC_Homepage_0001"/>
  <testcase name="Sort_Name" time="20.328" classname="com.Guru99ecommerce.testcases.TC_Homepage_0001"/>
</testsuite> <!-- com.Guru99ecommerce.testcases.TC_Homepage_0001 -->
