<?xml version="1.0" encoding="UTF-8"?>
<!-- Generated by org.testng.reporters.JUnitReportReporter -->
<testsuite skipped="0" hostname="admin-PC" name="com.Guru99ecommerce.testcases.TC_Homepage_0001" tests="4" failures="0" timestamp="12 May 2019 10:33:52 GMT" time="17.006" errors="0">
  <testcase name="title_verification" time="0.044" classname="com.Guru99ecommerce.testcases.TC_Homepage_0001"/>
  <testcase name="Sort" time="4.318" classname="com.Guru99ecommerce.testcases.TC_Homepage_0001"/>
  <testcase name="title_verification1" time="0.031" classname="com.Guru99ecommerce.testcases.TC_Homepage_0001"/>
  <testcase name="Sort_Name" time="12.613" classname="com.Guru99ecommerce.testcases.TC_Homepage_0001"/>
</testsuite> <!-- com.Guru99ecommerce.testcases.TC_Homepage_0001 -->
