<?xml version="1.0" encoding="UTF-8"?>
<!-- Generated by org.testng.reporters.JUnitReportReporter -->
<testsuite skipped="0" hostname="admin-PC" name="com.Guru99ecommerce.testcases.TC_Homepage_0001" tests="4" failures="0" timestamp="13 May 2019 15:29:22 GMT" time="18.344" errors="0">
  <testcase name="title_verification" time="0.015" classname="com.Guru99ecommerce.testcases.TC_Homepage_0001"/>
  <testcase name="Sort" time="5.419" classname="com.Guru99ecommerce.testcases.TC_Homepage_0001"/>
  <testcase name="title_verification1" time="0.030" classname="com.Guru99ecommerce.testcases.TC_Homepage_0001"/>
  <testcase name="Sort_Name" time="12.880" classname="com.Guru99ecommerce.testcases.TC_Homepage_0001"/>
</testsuite> <!-- com.Guru99ecommerce.testcases.TC_Homepage_0001 -->
