<?xml version="1.0" encoding="UTF-8"?>
<!-- Generated by org.testng.reporters.JUnitReportReporter -->
<testsuite skipped="0" hostname="admin-PC" name="com.Guru99ecommerce.testcases.TC_Homepage_0001" tests="4" failures="0" timestamp="12 May 2019 09:17:33 GMT" time="17.121" errors="0">
  <testcase name="title_verification" time="0.042" classname="com.Guru99ecommerce.testcases.TC_Homepage_0001"/>
  <testcase name="Sort" time="4.312" classname="com.Guru99ecommerce.testcases.TC_Homepage_0001"/>
  <testcase name="title_verification1" time="0.016" classname="com.Guru99ecommerce.testcases.TC_Homepage_0001"/>
  <testcase name="Sort_Name" time="12.751" classname="com.Guru99ecommerce.testcases.TC_Homepage_0001"/>
</testsuite> <!-- com.Guru99ecommerce.testcases.TC_Homepage_0001 -->
